{"/home/marlrus/webDev/walrus-tools/src/index.ts": {"path":"/home/marlrus/webDev/walrus-tools/src/index.ts","statementMap":{"0":{"start":{"line":5,"column":13},"end":{"line":11,"column":2}},"1":{"start":{"line":6,"column":2},"end":{"line":10,"column":null}},"2":{"start":{"line":7,"column":4},"end":{"line":7,"column":23}},"3":{"start":{"line":9,"column":4},"end":{"line":9,"column":22}},"4":{"start":{"line":13,"column":13},"end":{"line":19,"column":2}},"5":{"start":{"line":14,"column":2},"end":{"line":18,"column":null}},"6":{"start":{"line":15,"column":4},"end":{"line":15,"column":33}},"7":{"start":{"line":17,"column":4},"end":{"line":17,"column":29}},"8":{"start":{"line":21,"column":13},"end":{"line":24,"column":2}},"9":{"start":{"line":22,"column":2},"end":{"line":22,"column":9}},"10":{"start":{"line":23,"column":2},"end":{"line":23,"column":11}},"11":{"start":{"line":26,"column":13},"end":{"line":26,"column":59}},"12":{"start":{"line":26,"column":40},"end":{"line":26,"column":58}},"13":{"start":{"line":28,"column":13},"end":{"line":28,"column":61}},"14":{"start":{"line":28,"column":39},"end":{"line":28,"column":60}},"15":{"start":{"line":30,"column":13},"end":{"line":33,"column":33}},"16":{"start":{"line":31,"column":2},"end":{"line":33,"column":32}},"17":{"start":{"line":42,"column":13},"end":{"line":55,"column":2}},"18":{"start":{"line":43,"column":2},"end":{"line":43,"column":44}},"19":{"start":{"line":43,"column":14},"end":{"line":43,"column":44}},"20":{"start":{"line":45,"column":2},"end":{"line":45,"column":62}},"21":{"start":{"line":45,"column":15},"end":{"line":45,"column":62}},"22":{"start":{"line":46,"column":2},"end":{"line":46,"column":59}},"23":{"start":{"line":46,"column":19},"end":{"line":46,"column":59}},"24":{"start":{"line":47,"column":2},"end":{"line":47,"column":60}},"25":{"start":{"line":47,"column":17},"end":{"line":47,"column":60}},"26":{"start":{"line":48,"column":2},"end":{"line":48,"column":74}},"27":{"start":{"line":48,"column":17},"end":{"line":48,"column":74}},"28":{"start":{"line":50,"column":17},"end":{"line":50,"column":48}},"29":{"start":{"line":52,"column":14},"end":{"line":52,"column":39}},"30":{"start":{"line":54,"column":2},"end":{"line":54,"column":50}},"31":{"start":{"line":54,"column":22},"end":{"line":54,"column":48}},"32":{"start":{"line":57,"column":13},"end":{"line":70,"column":2}},"33":{"start":{"line":58,"column":2},"end":{"line":58,"column":44}},"34":{"start":{"line":58,"column":12},"end":{"line":58,"column":44}},"35":{"start":{"line":60,"column":2},"end":{"line":60,"column":62}},"36":{"start":{"line":60,"column":15},"end":{"line":60,"column":62}},"37":{"start":{"line":61,"column":2},"end":{"line":61,"column":59}},"38":{"start":{"line":61,"column":19},"end":{"line":61,"column":59}},"39":{"start":{"line":62,"column":2},"end":{"line":62,"column":60}},"40":{"start":{"line":62,"column":17},"end":{"line":62,"column":60}},"41":{"start":{"line":63,"column":2},"end":{"line":63,"column":74}},"42":{"start":{"line":63,"column":17},"end":{"line":63,"column":74}},"43":{"start":{"line":65,"column":17},"end":{"line":65,"column":48}},"44":{"start":{"line":67,"column":14},"end":{"line":67,"column":39}},"45":{"start":{"line":69,"column":2},"end":{"line":69,"column":50}},"46":{"start":{"line":69,"column":22},"end":{"line":69,"column":48}},"47":{"start":{"line":76,"column":13},"end":{"line":76,"column":56}},"48":{"start":{"line":76,"column":37},"end":{"line":76,"column":55}},"49":{"start":{"line":78,"column":13},"end":{"line":78,"column":26}},"50":{"start":{"line":80,"column":13},"end":{"line":80,"column":66}},"51":{"start":{"line":80,"column":37},"end":{"line":80,"column":65}},"52":{"start":{"line":82,"column":13},"end":{"line":82,"column":62}},"53":{"start":{"line":82,"column":37},"end":{"line":82,"column":61}},"54":{"start":{"line":84,"column":13},"end":{"line":84,"column":69}},"55":{"start":{"line":84,"column":40},"end":{"line":84,"column":68}},"56":{"start":{"line":86,"column":13},"end":{"line":86,"column":78}},"57":{"start":{"line":86,"column":55},"end":{"line":86,"column":77}},"58":{"start":{"line":88,"column":13},"end":{"line":91,"column":2}},"59":{"start":{"line":88,"column":55},"end":{"line":91,"column":2}},"60":{"start":{"line":98,"column":13},"end":{"line":98,"column":68}},"61":{"start":{"line":98,"column":48},"end":{"line":98,"column":67}},"62":{"start":{"line":101,"column":13},"end":{"line":104,"column":2}},"63":{"start":{"line":102,"column":17},"end":{"line":102,"column":35}},"64":{"start":{"line":103,"column":2},"end":{"line":103,"column":71}},"65":{"start":{"line":106,"column":13},"end":{"line":109,"column":2}},"66":{"start":{"line":107,"column":24},"end":{"line":107,"column":71}},"67":{"start":{"line":108,"column":2},"end":{"line":108,"column":50}},"68":{"start":{"line":112,"column":13},"end":{"line":117,"column":15}},"69":{"start":{"line":113,"column":2},"end":{"line":117,"column":14}},"70":{"start":{"line":116,"column":18},"end":{"line":116,"column":69}},"71":{"start":{"line":131,"column":13},"end":{"line":131,"column":80}},"72":{"start":{"line":131,"column":71},"end":{"line":131,"column":79}},"73":{"start":{"line":133,"column":13},"end":{"line":133,"column":60}},"74":{"start":{"line":133,"column":37},"end":{"line":133,"column":59}},"75":{"start":{"line":133,"column":51},"end":{"line":133,"column":59}},"76":{"start":{"line":135,"column":13},"end":{"line":136,"column":33}},"77":{"start":{"line":136,"column":2},"end":{"line":136,"column":32}},"78":{"start":{"line":136,"column":16},"end":{"line":136,"column":31}},"79":{"start":{"line":138,"column":13},"end":{"line":139,"column":33}},"80":{"start":{"line":139,"column":2},"end":{"line":139,"column":32}},"81":{"start":{"line":139,"column":16},"end":{"line":139,"column":31}},"82":{"start":{"line":145,"column":13},"end":{"line":150,"column":2}},"83":{"start":{"line":145,"column":46},"end":{"line":150,"column":1}},"84":{"start":{"line":146,"column":26},"end":{"line":146,"column":29}},"85":{"start":{"line":147,"column":14},"end":{"line":147,"column":21}},"86":{"start":{"line":149,"column":2},"end":{"line":149,"column":52}},"87":{"start":{"line":152,"column":13},"end":{"line":157,"column":2}},"88":{"start":{"line":152,"column":53},"end":{"line":157,"column":1}},"89":{"start":{"line":153,"column":26},"end":{"line":153,"column":29}},"90":{"start":{"line":154,"column":14},"end":{"line":154,"column":21}},"91":{"start":{"line":156,"column":2},"end":{"line":156,"column":52}},"92":{"start":{"line":159,"column":13},"end":{"line":164,"column":2}},"93":{"start":{"line":160,"column":26},"end":{"line":160,"column":29}},"94":{"start":{"line":161,"column":14},"end":{"line":161,"column":21}},"95":{"start":{"line":163,"column":2},"end":{"line":163,"column":52}},"96":{"start":{"line":166,"column":13},"end":{"line":171,"column":2}},"97":{"start":{"line":166,"column":49},"end":{"line":171,"column":1}},"98":{"start":{"line":167,"column":26},"end":{"line":167,"column":43}},"99":{"start":{"line":168,"column":14},"end":{"line":168,"column":21}},"100":{"start":{"line":170,"column":2},"end":{"line":170,"column":61}},"101":{"start":{"line":173,"column":13},"end":{"line":178,"column":2}},"102":{"start":{"line":173,"column":56},"end":{"line":178,"column":1}},"103":{"start":{"line":174,"column":26},"end":{"line":174,"column":43}},"104":{"start":{"line":175,"column":14},"end":{"line":175,"column":21}},"105":{"start":{"line":177,"column":2},"end":{"line":177,"column":61}},"106":{"start":{"line":180,"column":13},"end":{"line":185,"column":2}},"107":{"start":{"line":181,"column":26},"end":{"line":181,"column":43}},"108":{"start":{"line":182,"column":14},"end":{"line":182,"column":21}},"109":{"start":{"line":184,"column":2},"end":{"line":184,"column":61}},"110":{"start":{"line":189,"column":13},"end":{"line":189,"column":74}},"111":{"start":{"line":189,"column":64},"end":{"line":189,"column":73}},"112":{"start":{"line":199,"column":13},"end":{"line":199,"column":75}},"113":{"start":{"line":199,"column":48},"end":{"line":199,"column":74}},"114":{"start":{"line":199,"column":65},"end":{"line":199,"column":74}},"115":{"start":{"line":201,"column":13},"end":{"line":201,"column":61}},"116":{"start":{"line":201,"column":39},"end":{"line":201,"column":60}},"117":{"start":{"line":201,"column":51},"end":{"line":201,"column":60}},"118":{"start":{"line":205,"column":13},"end":{"line":214,"column":2}},"119":{"start":{"line":205,"column":62},"end":{"line":214,"column":1}},"120":{"start":{"line":208,"column":23},"end":{"line":208,"column":40}},"121":{"start":{"line":209,"column":2},"end":{"line":213,"column":12}},"122":{"start":{"line":216,"column":13},"end":{"line":218,"column":2}},"123":{"start":{"line":217,"column":2},"end":{"line":217,"column":80}},"124":{"start":{"line":220,"column":13},"end":{"line":222,"column":2}},"125":{"start":{"line":220,"column":54},"end":{"line":222,"column":1}},"126":{"start":{"line":221,"column":2},"end":{"line":221,"column":80}},"127":{"start":{"line":224,"column":13},"end":{"line":226,"column":2}},"128":{"start":{"line":224,"column":55},"end":{"line":226,"column":1}},"129":{"start":{"line":225,"column":2},"end":{"line":225,"column":80}},"130":{"start":{"line":263,"column":2},"end":{"line":265,"column":4}},"131":{"start":{"line":264,"column":4},"end":{"line":264,"column":68}},"132":{"start":{"line":262,"column":0},"end":{"line":262,"column":16}},"133":{"start":{"line":268,"column":13},"end":{"line":269,"column":59}},"134":{"start":{"line":268,"column":57},"end":{"line":269,"column":58}},"135":{"start":{"line":269,"column":2},"end":{"line":269,"column":58}},"136":{"start":{"line":301,"column":2},"end":{"line":301,"column":66}},"137":{"start":{"line":300,"column":0},"end":{"line":300,"column":16}},"138":{"start":{"line":308,"column":13},"end":{"line":315,"column":2}},"139":{"start":{"line":309,"column":2},"end":{"line":313,"column":null}},"140":{"start":{"line":310,"column":4},"end":{"line":312,"column":16}},"141":{"start":{"line":314,"column":2},"end":{"line":314,"column":15}},"142":{"start":{"line":317,"column":13},"end":{"line":317,"column":72}},"143":{"start":{"line":317,"column":42},"end":{"line":317,"column":71}},"144":{"start":{"line":323,"column":13},"end":{"line":336,"column":2}},"145":{"start":{"line":324,"column":15},"end":{"line":324,"column":38}},"146":{"start":{"line":325,"column":2},"end":{"line":335,"column":13}},"147":{"start":{"line":328,"column":10},"end":{"line":328,"column":74}},"148":{"start":{"line":329,"column":8},"end":{"line":329,"column":44}},"149":{"start":{"line":333,"column":10},"end":{"line":333,"column":74}},"150":{"start":{"line":334,"column":8},"end":{"line":334,"column":44}},"151":{"start":{"line":338,"column":13},"end":{"line":351,"column":2}},"152":{"start":{"line":339,"column":15},"end":{"line":339,"column":31}},"153":{"start":{"line":340,"column":2},"end":{"line":350,"column":13}},"154":{"start":{"line":343,"column":10},"end":{"line":343,"column":70}},"155":{"start":{"line":344,"column":8},"end":{"line":344,"column":40}},"156":{"start":{"line":348,"column":10},"end":{"line":348,"column":70}},"157":{"start":{"line":349,"column":8},"end":{"line":349,"column":40}},"158":{"start":{"line":353,"column":24},"end":{"line":359,"column":1}},"159":{"start":{"line":354,"column":25},"end":{"line":354,"column":45}},"160":{"start":{"line":355,"column":2},"end":{"line":355,"column":36}},"161":{"start":{"line":355,"column":23},"end":{"line":355,"column":36}},"162":{"start":{"line":356,"column":2},"end":{"line":356,"column":74}},"163":{"start":{"line":356,"column":61},"end":{"line":356,"column":74}},"164":{"start":{"line":357,"column":2},"end":{"line":357,"column":74}},"165":{"start":{"line":357,"column":61},"end":{"line":357,"column":74}},"166":{"start":{"line":358,"column":2},"end":{"line":358,"column":14}},"167":{"start":{"line":361,"column":13},"end":{"line":375,"column":2}},"168":{"start":{"line":362,"column":2},"end":{"line":362,"column":43}},"169":{"start":{"line":362,"column":30},"end":{"line":362,"column":43}},"170":{"start":{"line":363,"column":2},"end":{"line":373,"column":null}},"171":{"start":{"line":364,"column":27},"end":{"line":364,"column":73}},"172":{"start":{"line":365,"column":4},"end":{"line":365,"column":60}},"173":{"start":{"line":365,"column":47},"end":{"line":365,"column":60}},"174":{"start":{"line":366,"column":4},"end":{"line":372,"column":null}},"175":{"start":{"line":367,"column":6},"end":{"line":367,"column":57}},"176":{"start":{"line":367,"column":44},"end":{"line":367,"column":57}},"177":{"start":{"line":368,"column":6},"end":{"line":371,"column":null}},"178":{"start":{"line":369,"column":27},"end":{"line":369,"column":49}},"179":{"start":{"line":370,"column":8},"end":{"line":370,"column":38}},"180":{"start":{"line":370,"column":25},"end":{"line":370,"column":38}},"181":{"start":{"line":374,"column":2},"end":{"line":374,"column":14}}},"fnMap":{"0":{"name":"(anonymous_0)","decl":{"start":{"line":5,"column":19},"end":{"line":5,"column":20}},"loc":{"start":{"line":5,"column":34},"end":{"line":11,"column":1}}},"1":{"name":"(anonymous_1)","decl":{"start":{"line":13,"column":19},"end":{"line":13,"column":20}},"loc":{"start":{"line":13,"column":40},"end":{"line":19,"column":1}}},"2":{"name":"(anonymous_2)","decl":{"start":{"line":21,"column":22},"end":{"line":21,"column":26}},"loc":{"start":{"line":21,"column":34},"end":{"line":24,"column":1}}},"3":{"name":"(anonymous_3)","decl":{"start":{"line":26,"column":22},"end":{"line":26,"column":23}},"loc":{"start":{"line":26,"column":40},"end":{"line":26,"column":58}}},"4":{"name":"(anonymous_4)","decl":{"start":{"line":28,"column":21},"end":{"line":28,"column":22}},"loc":{"start":{"line":28,"column":39},"end":{"line":28,"column":60}}},"5":{"name":"(anonymous_5)","decl":{"start":{"line":30,"column":21},"end":{"line":30,"column":22}},"loc":{"start":{"line":31,"column":2},"end":{"line":33,"column":32}}},"6":{"name":"(anonymous_6)","decl":{"start":{"line":42,"column":21},"end":{"line":42,"column":22}},"loc":{"start":{"line":42,"column":63},"end":{"line":55,"column":1}}},"7":{"name":"(anonymous_7)","decl":{"start":{"line":54,"column":17},"end":{"line":54,"column":18}},"loc":{"start":{"line":54,"column":22},"end":{"line":54,"column":48}}},"8":{"name":"(anonymous_8)","decl":{"start":{"line":57,"column":23},"end":{"line":57,"column":24}},"loc":{"start":{"line":57,"column":65},"end":{"line":70,"column":1}}},"9":{"name":"(anonymous_9)","decl":{"start":{"line":69,"column":17},"end":{"line":69,"column":18}},"loc":{"start":{"line":69,"column":22},"end":{"line":69,"column":48}}},"10":{"name":"(anonymous_10)","decl":{"start":{"line":76,"column":20},"end":{"line":76,"column":24}},"loc":{"start":{"line":76,"column":37},"end":{"line":76,"column":55}}},"11":{"name":"(anonymous_11)","decl":{"start":{"line":80,"column":20},"end":{"line":80,"column":24}},"loc":{"start":{"line":80,"column":37},"end":{"line":80,"column":65}}},"12":{"name":"(anonymous_12)","decl":{"start":{"line":82,"column":20},"end":{"line":82,"column":24}},"loc":{"start":{"line":82,"column":37},"end":{"line":82,"column":61}}},"13":{"name":"(anonymous_13)","decl":{"start":{"line":84,"column":23},"end":{"line":84,"column":27}},"loc":{"start":{"line":84,"column":40},"end":{"line":84,"column":68}}},"14":{"name":"(anonymous_14)","decl":{"start":{"line":86,"column":28},"end":{"line":86,"column":32}},"loc":{"start":{"line":86,"column":55},"end":{"line":86,"column":77}}},"15":{"name":"(anonymous_15)","decl":{"start":{"line":88,"column":28},"end":{"line":88,"column":32}},"loc":{"start":{"line":88,"column":55},"end":{"line":91,"column":2}}},"16":{"name":"(anonymous_16)","decl":{"start":{"line":98,"column":26},"end":{"line":98,"column":27}},"loc":{"start":{"line":98,"column":48},"end":{"line":98,"column":67}}},"17":{"name":"(anonymous_17)","decl":{"start":{"line":101,"column":26},"end":{"line":101,"column":27}},"loc":{"start":{"line":101,"column":43},"end":{"line":104,"column":1}}},"18":{"name":"(anonymous_18)","decl":{"start":{"line":106,"column":31},"end":{"line":106,"column":32}},"loc":{"start":{"line":106,"column":52},"end":{"line":109,"column":1}}},"19":{"name":"(anonymous_19)","decl":{"start":{"line":112,"column":29},"end":{"line":112,"column":30}},"loc":{"start":{"line":113,"column":2},"end":{"line":117,"column":14}}},"20":{"name":"(anonymous_20)","decl":{"start":{"line":116,"column":9},"end":{"line":116,"column":13}},"loc":{"start":{"line":116,"column":18},"end":{"line":116,"column":69}}},"21":{"name":"(anonymous_21)","decl":{"start":{"line":131,"column":23},"end":{"line":131,"column":46}},"loc":{"start":{"line":131,"column":71},"end":{"line":131,"column":79}}},"22":{"name":"(anonymous_22)","decl":{"start":{"line":133,"column":20},"end":{"line":133,"column":21}},"loc":{"start":{"line":133,"column":37},"end":{"line":133,"column":59}}},"23":{"name":"(anonymous_23)","decl":{"start":{"line":133,"column":37},"end":{"line":133,"column":38}},"loc":{"start":{"line":133,"column":51},"end":{"line":133,"column":59}}},"24":{"name":"(anonymous_24)","decl":{"start":{"line":135,"column":21},"end":{"line":135,"column":44}},"loc":{"start":{"line":136,"column":2},"end":{"line":136,"column":32}}},"25":{"name":"(anonymous_25)","decl":{"start":{"line":136,"column":11},"end":{"line":136,"column":12}},"loc":{"start":{"line":136,"column":16},"end":{"line":136,"column":31}}},"26":{"name":"(anonymous_26)","decl":{"start":{"line":138,"column":23},"end":{"line":138,"column":24}},"loc":{"start":{"line":139,"column":2},"end":{"line":139,"column":32}}},"27":{"name":"(anonymous_27)","decl":{"start":{"line":139,"column":11},"end":{"line":139,"column":12}},"loc":{"start":{"line":139,"column":16},"end":{"line":139,"column":31}}},"28":{"name":"(anonymous_28)","decl":{"start":{"line":145,"column":22},"end":{"line":145,"column":23}},"loc":{"start":{"line":145,"column":46},"end":{"line":150,"column":1}}},"29":{"name":"(anonymous_29)","decl":{"start":{"line":145,"column":46},"end":{"line":145,"column":47}},"loc":{"start":{"line":145,"column":62},"end":{"line":150,"column":1}}},"30":{"name":"(anonymous_30)","decl":{"start":{"line":152,"column":20},"end":{"line":152,"column":30}},"loc":{"start":{"line":152,"column":53},"end":{"line":157,"column":1}}},"31":{"name":"(anonymous_31)","decl":{"start":{"line":152,"column":53},"end":{"line":152,"column":54}},"loc":{"start":{"line":152,"column":68},"end":{"line":157,"column":1}}},"32":{"name":"(anonymous_32)","decl":{"start":{"line":159,"column":23},"end":{"line":159,"column":33}},"loc":{"start":{"line":159,"column":67},"end":{"line":164,"column":1}}},"33":{"name":"(anonymous_33)","decl":{"start":{"line":166,"column":25},"end":{"line":166,"column":26}},"loc":{"start":{"line":166,"column":49},"end":{"line":171,"column":1}}},"34":{"name":"(anonymous_34)","decl":{"start":{"line":166,"column":49},"end":{"line":166,"column":50}},"loc":{"start":{"line":166,"column":65},"end":{"line":171,"column":1}}},"35":{"name":"(anonymous_35)","decl":{"start":{"line":173,"column":23},"end":{"line":173,"column":33}},"loc":{"start":{"line":173,"column":56},"end":{"line":178,"column":1}}},"36":{"name":"(anonymous_36)","decl":{"start":{"line":173,"column":56},"end":{"line":173,"column":57}},"loc":{"start":{"line":173,"column":71},"end":{"line":178,"column":1}}},"37":{"name":"(anonymous_37)","decl":{"start":{"line":180,"column":26},"end":{"line":180,"column":36}},"loc":{"start":{"line":180,"column":70},"end":{"line":185,"column":1}}},"38":{"name":"(anonymous_38)","decl":{"start":{"line":189,"column":22},"end":{"line":189,"column":29}},"loc":{"start":{"line":189,"column":64},"end":{"line":189,"column":73}}},"39":{"name":"(anonymous_39)","decl":{"start":{"line":199,"column":19},"end":{"line":199,"column":26}},"loc":{"start":{"line":199,"column":48},"end":{"line":199,"column":74}}},"40":{"name":"(anonymous_40)","decl":{"start":{"line":199,"column":48},"end":{"line":199,"column":49}},"loc":{"start":{"line":199,"column":65},"end":{"line":199,"column":74}}},"41":{"name":"(anonymous_41)","decl":{"start":{"line":201,"column":21},"end":{"line":201,"column":22}},"loc":{"start":{"line":201,"column":39},"end":{"line":201,"column":60}}},"42":{"name":"(anonymous_42)","decl":{"start":{"line":201,"column":39},"end":{"line":201,"column":40}},"loc":{"start":{"line":201,"column":51},"end":{"line":201,"column":60}}},"43":{"name":"(anonymous_43)","decl":{"start":{"line":205,"column":30},"end":{"line":205,"column":34}},"loc":{"start":{"line":205,"column":62},"end":{"line":214,"column":1}}},"44":{"name":"(anonymous_44)","decl":{"start":{"line":205,"column":62},"end":{"line":205,"column":null}},"loc":{"start":{"line":207,"column":13},"end":{"line":214,"column":1}}},"45":{"name":"(anonymous_45)","decl":{"start":{"line":216,"column":25},"end":{"line":216,"column":29}},"loc":{"start":{"line":216,"column":64},"end":{"line":218,"column":1}}},"46":{"name":"(anonymous_46)","decl":{"start":{"line":220,"column":22},"end":{"line":220,"column":26}},"loc":{"start":{"line":220,"column":54},"end":{"line":222,"column":1}}},"47":{"name":"(anonymous_47)","decl":{"start":{"line":220,"column":54},"end":{"line":220,"column":55}},"loc":{"start":{"line":220,"column":65},"end":{"line":222,"column":1}}},"48":{"name":"(anonymous_48)","decl":{"start":{"line":224,"column":24},"end":{"line":224,"column":25}},"loc":{"start":{"line":224,"column":55},"end":{"line":226,"column":1}}},"49":{"name":"(anonymous_49)","decl":{"start":{"line":224,"column":55},"end":{"line":224,"column":56}},"loc":{"start":{"line":224,"column":66},"end":{"line":226,"column":1}}},"50":{"name":"reduce","decl":{"start":{"line":262,"column":16},"end":{"line":262,"column":22}},"loc":{"start":{"line":262,"column":50},"end":{"line":266,"column":1}}},"51":{"name":"(anonymous_51)","decl":{"start":{"line":263,"column":9},"end":{"line":263,"column":19}},"loc":{"start":{"line":263,"column":27},"end":{"line":265,"column":3}}},"52":{"name":"(anonymous_52)","decl":{"start":{"line":268,"column":24},"end":{"line":268,"column":25}},"loc":{"start":{"line":268,"column":57},"end":{"line":269,"column":58}}},"53":{"name":"(anonymous_53)","decl":{"start":{"line":268,"column":57},"end":{"line":268,"column":58}},"loc":{"start":{"line":269,"column":2},"end":{"line":269,"column":58}}},"54":{"name":"dirReduce","decl":{"start":{"line":300,"column":16},"end":{"line":300,"column":25}},"loc":{"start":{"line":300,"column":63},"end":{"line":302,"column":1}}},"55":{"name":"(anonymous_55)","decl":{"start":{"line":308,"column":26},"end":{"line":308,"column":27}},"loc":{"start":{"line":308,"column":45},"end":{"line":315,"column":1}}},"56":{"name":"(anonymous_56)","decl":{"start":{"line":317,"column":26},"end":{"line":317,"column":30}},"loc":{"start":{"line":317,"column":42},"end":{"line":317,"column":71}}},"57":{"name":"(anonymous_57)","decl":{"start":{"line":323,"column":28},"end":{"line":323,"column":52}},"loc":{"start":{"line":323,"column":65},"end":{"line":336,"column":1}}},"58":{"name":"(anonymous_58)","decl":{"start":{"line":326,"column":18},"end":{"line":326,"column":19}},"loc":{"start":{"line":326,"column":47},"end":{"line":330,"column":7}}},"59":{"name":"(anonymous_59)","decl":{"start":{"line":331,"column":18},"end":{"line":331,"column":19}},"loc":{"start":{"line":331,"column":47},"end":{"line":335,"column":7}}},"60":{"name":"(anonymous_60)","decl":{"start":{"line":338,"column":24},"end":{"line":338,"column":48}},"loc":{"start":{"line":338,"column":61},"end":{"line":351,"column":1}}},"61":{"name":"(anonymous_61)","decl":{"start":{"line":341,"column":18},"end":{"line":341,"column":19}},"loc":{"start":{"line":341,"column":45},"end":{"line":345,"column":7}}},"62":{"name":"(anonymous_62)","decl":{"start":{"line":346,"column":18},"end":{"line":346,"column":19}},"loc":{"start":{"line":346,"column":45},"end":{"line":350,"column":7}}},"63":{"name":"(anonymous_63)","decl":{"start":{"line":353,"column":24},"end":{"line":353,"column":25}},"loc":{"start":{"line":353,"column":43},"end":{"line":359,"column":1}}},"64":{"name":"(anonymous_64)","decl":{"start":{"line":361,"column":22},"end":{"line":361,"column":23}},"loc":{"start":{"line":361,"column":41},"end":{"line":375,"column":1}}}},"branchMap":{"0":{"loc":{"start":{"line":6,"column":2},"end":{"line":10,"column":null}},"type":"if","locations":[{"start":{"line":6,"column":2},"end":{"line":10,"column":null}},{"start":{"line":6,"column":2},"end":{"line":10,"column":null}}]},"1":{"loc":{"start":{"line":6,"column":6},"end":{"line":6,"column":24}},"type":"binary-expr","locations":[{"start":{"line":6,"column":6},"end":{"line":6,"column":24}},{"start":{"line":6,"column":28},"end":{"line":6,"column":41}}]},"2":{"loc":{"start":{"line":14,"column":2},"end":{"line":18,"column":null}},"type":"if","locations":[{"start":{"line":14,"column":2},"end":{"line":18,"column":null}},{"start":{"line":14,"column":2},"end":{"line":18,"column":null}}]},"3":{"loc":{"start":{"line":32,"column":6},"end":{"line":32,"column":44}},"type":"cond-expr","locations":[{"start":{"line":32,"column":6},"end":{"line":32,"column":44}},{"start":{"line":33,"column":6},"end":{"line":33,"column":32}}]},"4":{"loc":{"start":{"line":42,"column":58},"end":{"line":42,"column":59}},"type":"default-arg","locations":[{"start":{"line":42,"column":58},"end":{"line":42,"column":59}}]},"5":{"loc":{"start":{"line":43,"column":2},"end":{"line":43,"column":44}},"type":"if","locations":[{"start":{"line":43,"column":2},"end":{"line":43,"column":44}},{"start":{"line":43,"column":2},"end":{"line":43,"column":44}}]},"6":{"loc":{"start":{"line":45,"column":2},"end":{"line":45,"column":62}},"type":"if","locations":[{"start":{"line":45,"column":2},"end":{"line":45,"column":62}},{"start":{"line":45,"column":2},"end":{"line":45,"column":62}}]},"7":{"loc":{"start":{"line":46,"column":2},"end":{"line":46,"column":59}},"type":"if","locations":[{"start":{"line":46,"column":2},"end":{"line":46,"column":59}},{"start":{"line":46,"column":2},"end":{"line":46,"column":59}}]},"8":{"loc":{"start":{"line":47,"column":2},"end":{"line":47,"column":60}},"type":"if","locations":[{"start":{"line":47,"column":2},"end":{"line":47,"column":60}},{"start":{"line":47,"column":2},"end":{"line":47,"column":60}}]},"9":{"loc":{"start":{"line":48,"column":2},"end":{"line":48,"column":74}},"type":"if","locations":[{"start":{"line":48,"column":2},"end":{"line":48,"column":74}},{"start":{"line":48,"column":2},"end":{"line":48,"column":74}}]},"10":{"loc":{"start":{"line":57,"column":60},"end":{"line":57,"column":61}},"type":"default-arg","locations":[{"start":{"line":57,"column":60},"end":{"line":57,"column":61}}]},"11":{"loc":{"start":{"line":58,"column":2},"end":{"line":58,"column":44}},"type":"if","locations":[{"start":{"line":58,"column":2},"end":{"line":58,"column":44}},{"start":{"line":58,"column":2},"end":{"line":58,"column":44}}]},"12":{"loc":{"start":{"line":60,"column":2},"end":{"line":60,"column":62}},"type":"if","locations":[{"start":{"line":60,"column":2},"end":{"line":60,"column":62}},{"start":{"line":60,"column":2},"end":{"line":60,"column":62}}]},"13":{"loc":{"start":{"line":61,"column":2},"end":{"line":61,"column":59}},"type":"if","locations":[{"start":{"line":61,"column":2},"end":{"line":61,"column":59}},{"start":{"line":61,"column":2},"end":{"line":61,"column":59}}]},"14":{"loc":{"start":{"line":62,"column":2},"end":{"line":62,"column":60}},"type":"if","locations":[{"start":{"line":62,"column":2},"end":{"line":62,"column":60}},{"start":{"line":62,"column":2},"end":{"line":62,"column":60}}]},"15":{"loc":{"start":{"line":63,"column":2},"end":{"line":63,"column":74}},"type":"if","locations":[{"start":{"line":63,"column":2},"end":{"line":63,"column":74}},{"start":{"line":63,"column":2},"end":{"line":63,"column":74}}]},"16":{"loc":{"start":{"line":116,"column":46},"end":{"line":116,"column":50}},"type":"cond-expr","locations":[{"start":{"line":116,"column":46},"end":{"line":116,"column":50}},{"start":{"line":116,"column":53},"end":{"line":116,"column":69}}]},"17":{"loc":{"start":{"line":149,"column":27},"end":{"line":149,"column":45}},"type":"cond-expr","locations":[{"start":{"line":149,"column":27},"end":{"line":149,"column":45}},{"start":{"line":149,"column":48},"end":{"line":149,"column":51}}]},"18":{"loc":{"start":{"line":156,"column":27},"end":{"line":156,"column":45}},"type":"cond-expr","locations":[{"start":{"line":156,"column":27},"end":{"line":156,"column":45}},{"start":{"line":156,"column":48},"end":{"line":156,"column":51}}]},"19":{"loc":{"start":{"line":163,"column":27},"end":{"line":163,"column":45}},"type":"cond-expr","locations":[{"start":{"line":163,"column":27},"end":{"line":163,"column":45}},{"start":{"line":163,"column":48},"end":{"line":163,"column":51}}]},"20":{"loc":{"start":{"line":170,"column":30},"end":{"line":170,"column":54}},"type":"cond-expr","locations":[{"start":{"line":170,"column":30},"end":{"line":170,"column":54}},{"start":{"line":170,"column":57},"end":{"line":170,"column":60}}]},"21":{"loc":{"start":{"line":177,"column":30},"end":{"line":177,"column":54}},"type":"cond-expr","locations":[{"start":{"line":177,"column":30},"end":{"line":177,"column":54}},{"start":{"line":177,"column":57},"end":{"line":177,"column":60}}]},"22":{"loc":{"start":{"line":184,"column":30},"end":{"line":184,"column":54}},"type":"cond-expr","locations":[{"start":{"line":184,"column":30},"end":{"line":184,"column":54}},{"start":{"line":184,"column":57},"end":{"line":184,"column":60}}]},"23":{"loc":{"start":{"line":210,"column":6},"end":{"line":210,"column":13}},"type":"cond-expr","locations":[{"start":{"line":210,"column":6},"end":{"line":210,"column":13}},{"start":{"line":211,"column":6},"end":{"line":213,"column":11}}]},"24":{"loc":{"start":{"line":212,"column":6},"end":{"line":212,"column":32}},"type":"cond-expr","locations":[{"start":{"line":212,"column":6},"end":{"line":212,"column":32}},{"start":{"line":213,"column":6},"end":{"line":213,"column":11}}]},"25":{"loc":{"start":{"line":217,"column":28},"end":{"line":217,"column":44}},"type":"cond-expr","locations":[{"start":{"line":217,"column":28},"end":{"line":217,"column":44}},{"start":{"line":217,"column":47},"end":{"line":217,"column":79}}]},"26":{"loc":{"start":{"line":221,"column":28},"end":{"line":221,"column":44}},"type":"cond-expr","locations":[{"start":{"line":221,"column":28},"end":{"line":221,"column":44}},{"start":{"line":221,"column":47},"end":{"line":221,"column":79}}]},"27":{"loc":{"start":{"line":225,"column":28},"end":{"line":225,"column":44}},"type":"cond-expr","locations":[{"start":{"line":225,"column":28},"end":{"line":225,"column":44}},{"start":{"line":225,"column":47},"end":{"line":225,"column":79}}]},"28":{"loc":{"start":{"line":264,"column":26},"end":{"line":264,"column":52}},"type":"cond-expr","locations":[{"start":{"line":264,"column":26},"end":{"line":264,"column":52}},{"start":{"line":264,"column":55},"end":{"line":264,"column":67}}]},"29":{"loc":{"start":{"line":269,"column":17},"end":{"line":269,"column":43}},"type":"cond-expr","locations":[{"start":{"line":269,"column":17},"end":{"line":269,"column":43}},{"start":{"line":269,"column":46},"end":{"line":269,"column":58}}]},"30":{"loc":{"start":{"line":301,"column":24},"end":{"line":301,"column":50}},"type":"cond-expr","locations":[{"start":{"line":301,"column":24},"end":{"line":301,"column":50}},{"start":{"line":301,"column":53},"end":{"line":301,"column":65}}]},"31":{"loc":{"start":{"line":309,"column":2},"end":{"line":313,"column":null}},"type":"if","locations":[{"start":{"line":309,"column":2},"end":{"line":313,"column":null}},{"start":{"line":309,"column":2},"end":{"line":313,"column":null}}]},"32":{"loc":{"start":{"line":309,"column":6},"end":{"line":309,"column":14}},"type":"binary-expr","locations":[{"start":{"line":309,"column":6},"end":{"line":309,"column":14}},{"start":{"line":309,"column":18},"end":{"line":309,"column":26}}]},"33":{"loc":{"start":{"line":311,"column":8},"end":{"line":311,"column":75}},"type":"cond-expr","locations":[{"start":{"line":311,"column":8},"end":{"line":311,"column":75}},{"start":{"line":312,"column":8},"end":{"line":312,"column":15}}]},"34":{"loc":{"start":{"line":326,"column":6},"end":{"line":330,"column":12}},"type":"cond-expr","locations":[{"start":{"line":326,"column":6},"end":{"line":330,"column":12}},{"start":{"line":331,"column":6},"end":{"line":335,"column":12}}]},"35":{"loc":{"start":{"line":328,"column":41},"end":{"line":328,"column":63}},"type":"cond-expr","locations":[{"start":{"line":328,"column":41},"end":{"line":328,"column":63}},{"start":{"line":328,"column":66},"end":{"line":328,"column":74}}]},"36":{"loc":{"start":{"line":333,"column":41},"end":{"line":333,"column":63}},"type":"cond-expr","locations":[{"start":{"line":333,"column":41},"end":{"line":333,"column":63}},{"start":{"line":333,"column":66},"end":{"line":333,"column":74}}]},"37":{"loc":{"start":{"line":341,"column":6},"end":{"line":345,"column":12}},"type":"cond-expr","locations":[{"start":{"line":341,"column":6},"end":{"line":345,"column":12}},{"start":{"line":346,"column":6},"end":{"line":350,"column":12}}]},"38":{"loc":{"start":{"line":343,"column":41},"end":{"line":343,"column":59}},"type":"cond-expr","locations":[{"start":{"line":343,"column":41},"end":{"line":343,"column":59}},{"start":{"line":343,"column":62},"end":{"line":343,"column":70}}]},"39":{"loc":{"start":{"line":348,"column":41},"end":{"line":348,"column":59}},"type":"cond-expr","locations":[{"start":{"line":348,"column":41},"end":{"line":348,"column":59}},{"start":{"line":348,"column":62},"end":{"line":348,"column":70}}]},"40":{"loc":{"start":{"line":355,"column":2},"end":{"line":355,"column":36}},"type":"if","locations":[{"start":{"line":355,"column":2},"end":{"line":355,"column":36}},{"start":{"line":355,"column":2},"end":{"line":355,"column":36}}]},"41":{"loc":{"start":{"line":356,"column":2},"end":{"line":356,"column":74}},"type":"if","locations":[{"start":{"line":356,"column":2},"end":{"line":356,"column":74}},{"start":{"line":356,"column":2},"end":{"line":356,"column":74}}]},"42":{"loc":{"start":{"line":356,"column":6},"end":{"line":356,"column":26}},"type":"binary-expr","locations":[{"start":{"line":356,"column":6},"end":{"line":356,"column":26}},{"start":{"line":356,"column":30},"end":{"line":356,"column":48}},{"start":{"line":356,"column":52},"end":{"line":356,"column":59}}]},"43":{"loc":{"start":{"line":357,"column":2},"end":{"line":357,"column":74}},"type":"if","locations":[{"start":{"line":357,"column":2},"end":{"line":357,"column":74}},{"start":{"line":357,"column":2},"end":{"line":357,"column":74}}]},"44":{"loc":{"start":{"line":357,"column":6},"end":{"line":357,"column":26}},"type":"binary-expr","locations":[{"start":{"line":357,"column":6},"end":{"line":357,"column":26}},{"start":{"line":357,"column":30},"end":{"line":357,"column":59}}]},"45":{"loc":{"start":{"line":362,"column":2},"end":{"line":362,"column":43}},"type":"if","locations":[{"start":{"line":362,"column":2},"end":{"line":362,"column":43}},{"start":{"line":362,"column":2},"end":{"line":362,"column":43}}]},"46":{"loc":{"start":{"line":363,"column":2},"end":{"line":373,"column":null}},"type":"if","locations":[{"start":{"line":363,"column":2},"end":{"line":373,"column":null}},{"start":{"line":363,"column":2},"end":{"line":373,"column":null}}]},"47":{"loc":{"start":{"line":365,"column":4},"end":{"line":365,"column":60}},"type":"if","locations":[{"start":{"line":365,"column":4},"end":{"line":365,"column":60}},{"start":{"line":365,"column":4},"end":{"line":365,"column":60}}]},"48":{"loc":{"start":{"line":367,"column":6},"end":{"line":367,"column":57}},"type":"if","locations":[{"start":{"line":367,"column":6},"end":{"line":367,"column":57}},{"start":{"line":367,"column":6},"end":{"line":367,"column":57}}]},"49":{"loc":{"start":{"line":368,"column":6},"end":{"line":371,"column":null}},"type":"if","locations":[{"start":{"line":368,"column":6},"end":{"line":371,"column":null}},{"start":{"line":368,"column":6},"end":{"line":371,"column":null}}]},"50":{"loc":{"start":{"line":370,"column":8},"end":{"line":370,"column":38}},"type":"if","locations":[{"start":{"line":370,"column":8},"end":{"line":370,"column":38}},{"start":{"line":370,"column":8},"end":{"line":370,"column":38}}]}},"s":{"0":1,"1":1,"2":1,"3":0,"4":1,"5":2,"6":1,"7":1,"8":1,"9":0,"10":0,"11":1,"12":0,"13":1,"14":0,"15":1,"16":0,"17":1,"18":0,"19":0,"20":0,"21":0,"22":0,"23":0,"24":0,"25":0,"26":0,"27":0,"28":0,"29":0,"30":0,"31":0,"32":1,"33":0,"34":0,"35":0,"36":0,"37":0,"38":0,"39":0,"40":0,"41":0,"42":0,"43":0,"44":0,"45":0,"46":0,"47":1,"48":0,"49":1,"50":1,"51":0,"52":1,"53":0,"54":1,"55":0,"56":1,"57":0,"58":1,"59":0,"60":1,"61":0,"62":1,"63":0,"64":0,"65":1,"66":0,"67":0,"68":1,"69":0,"70":0,"71":1,"72":0,"73":1,"74":0,"75":0,"76":1,"77":0,"78":0,"79":1,"80":0,"81":0,"82":1,"83":0,"84":0,"85":0,"86":0,"87":1,"88":0,"89":0,"90":0,"91":0,"92":1,"93":0,"94":0,"95":0,"96":1,"97":0,"98":0,"99":0,"100":0,"101":1,"102":0,"103":0,"104":0,"105":0,"106":1,"107":0,"108":0,"109":0,"110":1,"111":0,"112":1,"113":0,"114":0,"115":1,"116":0,"117":0,"118":1,"119":0,"120":0,"121":0,"122":1,"123":0,"124":1,"125":0,"126":0,"127":1,"128":0,"129":0,"130":0,"131":0,"132":1,"133":1,"134":0,"135":0,"136":0,"137":1,"138":1,"139":0,"140":0,"141":0,"142":1,"143":0,"144":1,"145":0,"146":0,"147":0,"148":0,"149":0,"150":0,"151":1,"152":0,"153":0,"154":0,"155":0,"156":0,"157":0,"158":1,"159":0,"160":0,"161":0,"162":0,"163":0,"164":0,"165":0,"166":0,"167":1,"168":0,"169":0,"170":0,"171":0,"172":0,"173":0,"174":0,"175":0,"176":0,"177":0,"178":0,"179":0,"180":0,"181":0},"f":{"0":1,"1":2,"2":0,"3":0,"4":0,"5":0,"6":0,"7":0,"8":0,"9":0,"10":0,"11":0,"12":0,"13":0,"14":0,"15":0,"16":0,"17":0,"18":0,"19":0,"20":0,"21":0,"22":0,"23":0,"24":0,"25":0,"26":0,"27":0,"28":0,"29":0,"30":0,"31":0,"32":0,"33":0,"34":0,"35":0,"36":0,"37":0,"38":0,"39":0,"40":0,"41":0,"42":0,"43":0,"44":0,"45":0,"46":0,"47":0,"48":0,"49":0,"50":0,"51":0,"52":0,"53":0,"54":0,"55":0,"56":0,"57":0,"58":0,"59":0,"60":0,"61":0,"62":0,"63":0,"64":0},"b":{"0":[1,0],"1":[1,0],"2":[1,1],"3":[0,0],"4":[0],"5":[0,0],"6":[0,0],"7":[0,0],"8":[0,0],"9":[0,0],"10":[0],"11":[0,0],"12":[0,0],"13":[0,0],"14":[0,0],"15":[0,0],"16":[0,0],"17":[0,0],"18":[0,0],"19":[0,0],"20":[0,0],"21":[0,0],"22":[0,0],"23":[0,0],"24":[0,0],"25":[0,0],"26":[0,0],"27":[0,0],"28":[0,0],"29":[0,0],"30":[0,0],"31":[0,0],"32":[0,0],"33":[0,0],"34":[0,0],"35":[0,0],"36":[0,0],"37":[0,0],"38":[0,0],"39":[0,0],"40":[0,0],"41":[0,0],"42":[0,0,0],"43":[0,0],"44":[0,0],"45":[0,0],"46":[0,0],"47":[0,0],"48":[0,0],"49":[0,0],"50":[0,0]}}
}
