TN:
SF:src/index.ts
FN:5,(anonymous_0)
FN:13,(anonymous_1)
FN:21,(anonymous_2)
FN:26,(anonymous_3)
FN:28,(anonymous_4)
FN:30,(anonymous_5)
FN:42,(anonymous_6)
FN:54,(anonymous_7)
FN:57,(anonymous_8)
FN:69,(anonymous_9)
FN:76,(anonymous_10)
FN:80,(anonymous_11)
FN:82,(anonymous_12)
FN:84,(anonymous_13)
FN:86,(anonymous_14)
FN:88,(anonymous_15)
FN:98,(anonymous_16)
FN:101,(anonymous_17)
FN:106,(anonymous_18)
FN:112,(anonymous_19)
FN:116,(anonymous_20)
FN:131,(anonymous_21)
FN:133,(anonymous_22)
FN:133,(anonymous_23)
FN:135,(anonymous_24)
FN:136,(anonymous_25)
FN:138,(anonymous_26)
FN:139,(anonymous_27)
FN:145,(anonymous_28)
FN:145,(anonymous_29)
FN:152,(anonymous_30)
FN:152,(anonymous_31)
FN:159,(anonymous_32)
FN:166,(anonymous_33)
FN:166,(anonymous_34)
FN:173,(anonymous_35)
FN:173,(anonymous_36)
FN:180,(anonymous_37)
FN:189,(anonymous_38)
FN:199,(anonymous_39)
FN:199,(anonymous_40)
FN:201,(anonymous_41)
FN:201,(anonymous_42)
FN:205,(anonymous_43)
FN:205,(anonymous_44)
FN:216,(anonymous_45)
FN:220,(anonymous_46)
FN:220,(anonymous_47)
FN:224,(anonymous_48)
FN:224,(anonymous_49)
FN:262,reduce
FN:263,(anonymous_51)
FN:268,(anonymous_52)
FN:268,(anonymous_53)
FN:300,dirReduce
FN:308,(anonymous_55)
FN:317,(anonymous_56)
FN:323,(anonymous_57)
FN:326,(anonymous_58)
FN:331,(anonymous_59)
FN:338,(anonymous_60)
FN:341,(anonymous_61)
FN:346,(anonymous_62)
FN:353,(anonymous_63)
FN:361,(anonymous_64)
FNF:65
FNH:2
FNDA:1,(anonymous_0)
FNDA:2,(anonymous_1)
FNDA:0,(anonymous_2)
FNDA:0,(anonymous_3)
FNDA:0,(anonymous_4)
FNDA:0,(anonymous_5)
FNDA:0,(anonymous_6)
FNDA:0,(anonymous_7)
FNDA:0,(anonymous_8)
FNDA:0,(anonymous_9)
FNDA:0,(anonymous_10)
FNDA:0,(anonymous_11)
FNDA:0,(anonymous_12)
FNDA:0,(anonymous_13)
FNDA:0,(anonymous_14)
FNDA:0,(anonymous_15)
FNDA:0,(anonymous_16)
FNDA:0,(anonymous_17)
FNDA:0,(anonymous_18)
FNDA:0,(anonymous_19)
FNDA:0,(anonymous_20)
FNDA:0,(anonymous_21)
FNDA:0,(anonymous_22)
FNDA:0,(anonymous_23)
FNDA:0,(anonymous_24)
FNDA:0,(anonymous_25)
FNDA:0,(anonymous_26)
FNDA:0,(anonymous_27)
FNDA:0,(anonymous_28)
FNDA:0,(anonymous_29)
FNDA:0,(anonymous_30)
FNDA:0,(anonymous_31)
FNDA:0,(anonymous_32)
FNDA:0,(anonymous_33)
FNDA:0,(anonymous_34)
FNDA:0,(anonymous_35)
FNDA:0,(anonymous_36)
FNDA:0,(anonymous_37)
FNDA:0,(anonymous_38)
FNDA:0,(anonymous_39)
FNDA:0,(anonymous_40)
FNDA:0,(anonymous_41)
FNDA:0,(anonymous_42)
FNDA:0,(anonymous_43)
FNDA:0,(anonymous_44)
FNDA:0,(anonymous_45)
FNDA:0,(anonymous_46)
FNDA:0,(anonymous_47)
FNDA:0,(anonymous_48)
FNDA:0,(anonymous_49)
FNDA:0,reduce
FNDA:0,(anonymous_51)
FNDA:0,(anonymous_52)
FNDA:0,(anonymous_53)
FNDA:0,dirReduce
FNDA:0,(anonymous_55)
FNDA:0,(anonymous_56)
FNDA:0,(anonymous_57)
FNDA:0,(anonymous_58)
FNDA:0,(anonymous_59)
FNDA:0,(anonymous_60)
FNDA:0,(anonymous_61)
FNDA:0,(anonymous_62)
FNDA:0,(anonymous_63)
FNDA:0,(anonymous_64)
DA:5,1
DA:6,1
DA:7,1
DA:9,0
DA:13,1
DA:14,2
DA:15,1
DA:17,1
DA:21,1
DA:22,0
DA:23,0
DA:26,1
DA:28,1
DA:30,1
DA:31,0
DA:42,1
DA:43,0
DA:45,0
DA:46,0
DA:47,0
DA:48,0
DA:50,0
DA:52,0
DA:54,0
DA:57,1
DA:58,0
DA:60,0
DA:61,0
DA:62,0
DA:63,0
DA:65,0
DA:67,0
DA:69,0
DA:76,1
DA:78,1
DA:80,1
DA:82,1
DA:84,1
DA:86,1
DA:88,1
DA:98,1
DA:101,1
DA:102,0
DA:103,0
DA:106,1
DA:107,0
DA:108,0
DA:112,1
DA:113,0
DA:116,0
DA:131,1
DA:133,1
DA:135,1
DA:136,0
DA:138,1
DA:139,0
DA:145,1
DA:146,0
DA:147,0
DA:149,0
DA:152,1
DA:153,0
DA:154,0
DA:156,0
DA:159,1
DA:160,0
DA:161,0
DA:163,0
DA:166,1
DA:167,0
DA:168,0
DA:170,0
DA:173,1
DA:174,0
DA:175,0
DA:177,0
DA:180,1
DA:181,0
DA:182,0
DA:184,0
DA:189,1
DA:199,1
DA:201,1
DA:205,1
DA:208,0
DA:209,0
DA:216,1
DA:217,0
DA:220,1
DA:221,0
DA:224,1
DA:225,0
DA:262,1
DA:263,0
DA:264,0
DA:268,1
DA:269,0
DA:300,1
DA:301,0
DA:308,1
DA:309,0
DA:310,0
DA:314,0
DA:317,1
DA:323,1
DA:324,0
DA:325,0
DA:328,0
DA:329,0
DA:333,0
DA:334,0
DA:338,1
DA:339,0
DA:340,0
DA:343,0
DA:344,0
DA:348,0
DA:349,0
DA:353,1
DA:354,0
DA:355,0
DA:356,0
DA:357,0
DA:358,0
DA:361,1
DA:362,0
DA:363,0
DA:364,0
DA:365,0
DA:366,0
DA:367,0
DA:368,0
DA:369,0
DA:370,0
DA:374,0
LF:135
LH:50
BRDA:6,0,0,1
BRDA:6,0,1,0
BRDA:6,1,0,1
BRDA:6,1,1,0
BRDA:14,2,0,1
BRDA:14,2,1,1
BRDA:32,3,0,0
BRDA:32,3,1,0
BRDA:42,4,0,0
BRDA:43,5,0,0
BRDA:43,5,1,0
BRDA:45,6,0,0
BRDA:45,6,1,0
BRDA:46,7,0,0
BRDA:46,7,1,0
BRDA:47,8,0,0
BRDA:47,8,1,0
BRDA:48,9,0,0
BRDA:48,9,1,0
BRDA:57,10,0,0
BRDA:58,11,0,0
BRDA:58,11,1,0
BRDA:60,12,0,0
BRDA:60,12,1,0
BRDA:61,13,0,0
BRDA:61,13,1,0
BRDA:62,14,0,0
BRDA:62,14,1,0
BRDA:63,15,0,0
BRDA:63,15,1,0
BRDA:116,16,0,0
BRDA:116,16,1,0
BRDA:149,17,0,0
BRDA:149,17,1,0
BRDA:156,18,0,0
BRDA:156,18,1,0
BRDA:163,19,0,0
BRDA:163,19,1,0
BRDA:170,20,0,0
BRDA:170,20,1,0
BRDA:177,21,0,0
BRDA:177,21,1,0
BRDA:184,22,0,0
BRDA:184,22,1,0
BRDA:210,23,0,0
BRDA:210,23,1,0
BRDA:212,24,0,0
BRDA:212,24,1,0
BRDA:217,25,0,0
BRDA:217,25,1,0
BRDA:221,26,0,0
BRDA:221,26,1,0
BRDA:225,27,0,0
BRDA:225,27,1,0
BRDA:264,28,0,0
BRDA:264,28,1,0
BRDA:269,29,0,0
BRDA:269,29,1,0
BRDA:301,30,0,0
BRDA:301,30,1,0
BRDA:309,31,0,0
BRDA:309,31,1,0
BRDA:309,32,0,0
BRDA:309,32,1,0
BRDA:311,33,0,0
BRDA:311,33,1,0
BRDA:326,34,0,0
BRDA:326,34,1,0
BRDA:328,35,0,0
BRDA:328,35,1,0
BRDA:333,36,0,0
BRDA:333,36,1,0
BRDA:341,37,0,0
BRDA:341,37,1,0
BRDA:343,38,0,0
BRDA:343,38,1,0
BRDA:348,39,0,0
BRDA:348,39,1,0
BRDA:355,40,0,0
BRDA:355,40,1,0
BRDA:356,41,0,0
BRDA:356,41,1,0
BRDA:356,42,0,0
BRDA:356,42,1,0
BRDA:356,42,2,0
BRDA:357,43,0,0
BRDA:357,43,1,0
BRDA:357,44,0,0
BRDA:357,44,1,0
BRDA:362,45,0,0
BRDA:362,45,1,0
BRDA:363,46,0,0
BRDA:363,46,1,0
BRDA:365,47,0,0
BRDA:365,47,1,0
BRDA:367,48,0,0
BRDA:367,48,1,0
BRDA:368,49,0,0
BRDA:368,49,1,0
BRDA:370,50,0,0
BRDA:370,50,1,0
BRF:101
BRH:4
end_of_record
